<?xml version="1.0" encoding="UTF-8"?>
<testsuite xmlns:xsi="http://www.w3.org/2001/XMLSchema-instance" xsi:noNamespaceSchemaLocation="https://maven.apache.org/surefire/maven-surefire-plugin/xsd/surefire-test-report.xsd" name="com.param.rest.openapi.camelandsnakecase.CamelAndSnakeCaseApplicationTests" time="8.615" tests="1" errors="0" skipped="0" failures="0">
  <properties>
[...]
</properties>
  <testcase name="contextLoads" classname="com.param.rest.openapi.camelandsnakecase.CamelAndSnakeCaseApplicationTests" time="0.404"/>
</testsuite>